<?xml version="1.0" encoding="UTF-8"?>
<!-- Generated by org.testng.reporters.JUnitReportReporter -->
<testsuite hostname="93M52F3" failures="0" tests="2" name="com.wescodist.automation.sample.SampleTest" time="34.915" errors="0" timestamp="2021-12-01T19:07:41 IST" skipped="0">
  <testcase classname="com.wescodist.automation.sample.SampleTest" name="testSample1" time="0.008"/>
  <system-out/>
  <testcase classname="com.wescodist.automation.sample.SampleTest" name="testLoginPage" time="34.907"/>
  <system-out/>
</testsuite> <!-- com.wescodist.automation.sample.SampleTest -->
